Simulator report for Expreso
Mon Apr 01 16:36:44 2019
Quartus II 64-Bit Version 13.0.1 Build 232 06/12/2013 Service Pack 1 SJ Full Version


---------------------
; Table of Contents ;
---------------------
  1. Legal Notice
  2. Simulator Summary
  3. Simulator Settings
  4. Simulation Waveforms
  5. Coverage Summary
  6. Complete 1/0-Value Coverage
  7. Missing 1-Value Coverage
  8. Missing 0-Value Coverage
  9. Simulator INI Usage
 10. Simulator Messages



----------------
; Legal Notice ;
----------------
Copyright (C) 1991-2013 Altera Corporation
Your use of Altera Corporation's design tools, logic functions 
and other software and tools, and its AMPP partner logic 
functions, and any output files from any of the foregoing 
(including device programming or simulation files), and any 
associated documentation or information are expressly subject 
to the terms and conditions of the Altera Program License 
Subscription Agreement, Altera MegaCore Function License 
Agreement, or other applicable license agreement, including, 
without limitation, that your use is for the sole purpose of 
programming logic devices manufactured by Altera and sold by 
Altera or its authorized distributors.  Please refer to the 
applicable agreement for further details.



+--------------------------------------------+
; Simulator Summary                          ;
+-----------------------------+--------------+
; Type                        ; Value        ;
+-----------------------------+--------------+
; Simulation Start Time       ; 0 ps         ;
; Simulation End Time         ; 1.0 us       ;
; Simulation Netlist Size     ; 194 nodes    ;
; Simulation Coverage         ;      56.70 % ;
; Total Number of Transitions ; 1140         ;
; Simulation Breakpoints      ; 0            ;
; Family                      ; Cyclone III  ;
; Device                      ; EP3C16F484C6 ;
+-----------------------------+--------------+


+-----------------------------------------------------------------------------------------------------------------------------------------------------------------+
; Simulator Settings                                                                                                                                              ;
+--------------------------------------------------------------------------------------------+----------------------------------------------------+---------------+
; Option                                                                                     ; Setting                                            ; Default Value ;
+--------------------------------------------------------------------------------------------+----------------------------------------------------+---------------+
; Simulation mode                                                                            ; Timing                                             ; Timing        ;
; Start time                                                                                 ; 0 ns                                               ; 0 ns          ;
; Simulation results format                                                                  ; VWF                                                ;               ;
; Vector input source                                                                        ; C:/Users/estudiante/Desktop/Expreso/Waveform38.vwf ;               ;
; Add pins automatically to simulation output waveforms                                      ; On                                                 ; On            ;
; Check outputs                                                                              ; Off                                                ; Off           ;
; Report simulation coverage                                                                 ; On                                                 ; On            ;
; Display complete 1/0 value coverage report                                                 ; On                                                 ; On            ;
; Display missing 1-value coverage report                                                    ; On                                                 ; On            ;
; Display missing 0-value coverage report                                                    ; On                                                 ; On            ;
; Detect setup and hold time violations                                                      ; Off                                                ; Off           ;
; Detect glitches                                                                            ; Off                                                ; Off           ;
; Disable timing delays in Timing Simulation                                                 ; Off                                                ; Off           ;
; Generate Signal Activity File                                                              ; Off                                                ; Off           ;
; Generate VCD File for PowerPlay Power Analyzer                                             ; Off                                                ; Off           ;
; Group bus channels in simulation results                                                   ; Off                                                ; Off           ;
; Preserve fewer signal transitions to reduce memory requirements                            ; On                                                 ; On            ;
; Trigger vector comparison with the specified mode                                          ; INPUT_EDGE                                         ; INPUT_EDGE    ;
; Disable setup and hold time violations detection in input registers of bi-directional pins ; Off                                                ; Off           ;
; Overwrite Waveform Inputs With Simulation Outputs                                          ; Off                                                ;               ;
; Perform Glitch Filtering in Timing Simulation                                              ; Auto                                               ; Auto          ;
; Interconnect Delay Model Type                                                              ; Transport                                          ; Transport     ;
; Cell Delay Model Type                                                                      ; Transport                                          ; Transport     ;
+--------------------------------------------------------------------------------------------+----------------------------------------------------+---------------+


+----------------------+
; Simulation Waveforms ;
+----------------------+
Waveform report data cannot be output to ASCII.
Please use Quartus II 64-Bit to view the waveform report data.


+--------------------------------------------------------------------+
; Coverage Summary                                                   ;
+-----------------------------------------------------+--------------+
; Type                                                ; Value        ;
+-----------------------------------------------------+--------------+
; Total coverage as a percentage                      ;      56.70 % ;
; Total nodes checked                                 ; 194          ;
; Total output ports checked                          ; 194          ;
; Total output ports with complete 1/0-value coverage ; 110          ;
; Total output ports with no 1/0-value coverage       ; 83           ;
; Total output ports with no 1-value coverage         ; 83           ;
; Total output ports with no 0-value coverage         ; 84           ;
+-----------------------------------------------------+--------------+


The following table displays output ports that toggle between 1 and 0 during simulation.
+----------------------------------------------------------------------------------------------------------------------------------------------------------------------------+
; Complete 1/0-Value Coverage                                                                                                                                                ;
+----------------------------------------------------------------------------+----------------------------------------------------------------------------+------------------+
; Node Name                                                                  ; Output Port Name                                                           ; Output Port Type ;
+----------------------------------------------------------------------------+----------------------------------------------------------------------------+------------------+
; |Expreso|Control:BLOQUE_P_Control|FF1                                      ; |Expreso|Control:BLOQUE_P_Control|FF1                                      ; q                ;
; |Expreso|Control:BLOQUE_P_Control|FF2                                      ; |Expreso|Control:BLOQUE_P_Control|FF2                                      ; q                ;
; |Expreso|Control:BLOQUE_P_Control|FF3                                      ; |Expreso|Control:BLOQUE_P_Control|FF3                                      ; q                ;
; |Expreso|Control:BLOQUE_P_Control|FF4                                      ; |Expreso|Control:BLOQUE_P_Control|FF4                                      ; q                ;
; |Expreso|Control:BLOQUE_P_Control|FF5                                      ; |Expreso|Control:BLOQUE_P_Control|FF5                                      ; q                ;
; |Expreso|Control:BLOQUE_P_Control|FF6                                      ; |Expreso|Control:BLOQUE_P_Control|FF6                                      ; q                ;
; |Expreso|Control:BLOQUE_P_Control|FF9                                      ; |Expreso|Control:BLOQUE_P_Control|FF9                                      ; q                ;
; |Expreso|Control:BLOQUE_P_Control|FF11                                     ; |Expreso|Control:BLOQUE_P_Control|FF11                                     ; q                ;
; |Expreso|Control:BLOQUE_P_Control|FF14                                     ; |Expreso|Control:BLOQUE_P_Control|FF14                                     ; q                ;
; |Expreso|Control:BLOQUE_P_Control|FF15                                     ; |Expreso|Control:BLOQUE_P_Control|FF15                                     ; q                ;
; |Expreso|Contador_Agua:BLOQUE_P_Contador_Agua|FF12                         ; |Expreso|Contador_Agua:BLOQUE_P_Contador_Agua|FF12                         ; q                ;
; |Expreso|Contador_Cafe:BLOQUE_P_Contador_Cafe|FF4                          ; |Expreso|Contador_Cafe:BLOQUE_P_Contador_Cafe|FF4                          ; q                ;
; |Expreso|Expreso_Dispo:BLOQUE_P_Expreso_Dispo|Expreso_Disponible_Control~0 ; |Expreso|Expreso_Dispo:BLOQUE_P_Expreso_Dispo|Expreso_Disponible_Control~0 ; combout          ;
; |Expreso|Contador_Agua:BLOQUE_P_Contador_Agua|FF5                          ; |Expreso|Contador_Agua:BLOQUE_P_Contador_Agua|FF5                          ; q                ;
; |Expreso|Expreso_Dispo:BLOQUE_P_Expreso_Dispo|Expreso_Disponible_Control~1 ; |Expreso|Expreso_Dispo:BLOQUE_P_Expreso_Dispo|Expreso_Disponible_Control~1 ; combout          ;
; |Expreso|Contador_Cafe:BLOQUE_P_Contador_Cafe|FF1                          ; |Expreso|Contador_Cafe:BLOQUE_P_Contador_Cafe|FF1                          ; q                ;
; |Expreso|Contador_Cafe:BLOQUE_P_Contador_Cafe|FF2                          ; |Expreso|Contador_Cafe:BLOQUE_P_Contador_Cafe|FF2                          ; q                ;
; |Expreso|Contador_Cafe:BLOQUE_P_Contador_Cafe|FF3                          ; |Expreso|Contador_Cafe:BLOQUE_P_Contador_Cafe|FF3                          ; q                ;
; |Expreso|Expreso_Dispo:BLOQUE_P_Expreso_Dispo|Expreso_Disponible_Control~2 ; |Expreso|Expreso_Dispo:BLOQUE_P_Expreso_Dispo|Expreso_Disponible_Control~2 ; combout          ;
; |Expreso|Expreso_Dispo:BLOQUE_P_Expreso_Dispo|Expreso_Disponible_Control~3 ; |Expreso|Expreso_Dispo:BLOQUE_P_Expreso_Dispo|Expreso_Disponible_Control~3 ; combout          ;
; |Expreso|Contador_Agua:BLOQUE_P_Contador_Agua|FF11                         ; |Expreso|Contador_Agua:BLOQUE_P_Contador_Agua|FF11                         ; q                ;
; |Expreso|Expreso_Dispo:BLOQUE_P_Expreso_Dispo|Expreso_Disponible_Control~4 ; |Expreso|Expreso_Dispo:BLOQUE_P_Expreso_Dispo|Expreso_Disponible_Control~4 ; combout          ;
; |Expreso|Contador_Agua:BLOQUE_P_Contador_Agua|FF7                          ; |Expreso|Contador_Agua:BLOQUE_P_Contador_Agua|FF7                          ; q                ;
; |Expreso|Contador_Agua:BLOQUE_P_Contador_Agua|FF8                          ; |Expreso|Contador_Agua:BLOQUE_P_Contador_Agua|FF8                          ; q                ;
; |Expreso|Contador_Agua:BLOQUE_P_Contador_Agua|FF9                          ; |Expreso|Contador_Agua:BLOQUE_P_Contador_Agua|FF9                          ; q                ;
; |Expreso|Contador_Agua:BLOQUE_P_Contador_Agua|FF10                         ; |Expreso|Contador_Agua:BLOQUE_P_Contador_Agua|FF10                         ; q                ;
; |Expreso|Contador_Agua:BLOQUE_P_Contador_Agua|D~0                          ; |Expreso|Contador_Agua:BLOQUE_P_Contador_Agua|D~0                          ; combout          ;
; |Expreso|Expreso_Dispo:BLOQUE_P_Expreso_Dispo|Expreso_Disponible_Control~5 ; |Expreso|Expreso_Dispo:BLOQUE_P_Expreso_Dispo|Expreso_Disponible_Control~5 ; combout          ;
; |Expreso|Contador_Agua:BLOQUE_P_Contador_Agua|FF6                          ; |Expreso|Contador_Agua:BLOQUE_P_Contador_Agua|FF6                          ; q                ;
; |Expreso|Expreso_Dispo:BLOQUE_P_Expreso_Dispo|Expreso_Disponible_Control~6 ; |Expreso|Expreso_Dispo:BLOQUE_P_Expreso_Dispo|Expreso_Disponible_Control~6 ; combout          ;
; |Expreso|Expreso_Dispo:BLOQUE_P_Expreso_Dispo|Expreso_Disponible_Control~7 ; |Expreso|Expreso_Dispo:BLOQUE_P_Expreso_Dispo|Expreso_Disponible_Control~7 ; combout          ;
; |Expreso|Expreso_Dispo:BLOQUE_P_Expreso_Dispo|Expreso_Disponible_Control~8 ; |Expreso|Expreso_Dispo:BLOQUE_P_Expreso_Dispo|Expreso_Disponible_Control~8 ; combout          ;
; |Expreso|Expreso_Dispo:BLOQUE_P_Expreso_Dispo|Expreso_Disponible_Control~9 ; |Expreso|Expreso_Dispo:BLOQUE_P_Expreso_Dispo|Expreso_Disponible_Control~9 ; combout          ;
; |Expreso|Control:BLOQUE_P_Control|Valvula_Agua~0                           ; |Expreso|Control:BLOQUE_P_Control|Valvula_Agua~0                           ; combout          ;
; |Expreso|Control:BLOQUE_P_Control|D[0]~3                                   ; |Expreso|Control:BLOQUE_P_Control|D[0]~3                                   ; combout          ;
; |Expreso|Control:BLOQUE_P_Control|D[0]~4                                   ; |Expreso|Control:BLOQUE_P_Control|D[0]~4                                   ; combout          ;
; |Expreso|Control:BLOQUE_P_Control|D[1]~5                                   ; |Expreso|Control:BLOQUE_P_Control|D[1]~5                                   ; combout          ;
; |Expreso|Control:BLOQUE_P_Control|D[2]                                     ; |Expreso|Control:BLOQUE_P_Control|D[2]                                     ; combout          ;
; |Expreso|Control:BLOQUE_P_Control|D[3]                                     ; |Expreso|Control:BLOQUE_P_Control|D[3]                                     ; combout          ;
; |Expreso|Control:BLOQUE_P_Control|D[4]                                     ; |Expreso|Control:BLOQUE_P_Control|D[4]                                     ; combout          ;
; |Expreso|Control:BLOQUE_P_Control|D[8]                                     ; |Expreso|Control:BLOQUE_P_Control|D[8]                                     ; combout          ;
; |Expreso|Control:BLOQUE_P_Control|D~13                                     ; |Expreso|Control:BLOQUE_P_Control|D~13                                     ; combout          ;
; |Expreso|Conteo_1:BLOQUE_P_Conteo_1|FF3                                    ; |Expreso|Conteo_1:BLOQUE_P_Conteo_1|FF3                                    ; q                ;
; |Expreso|Conteo_1:BLOQUE_P_Conteo_E1|FF2                                   ; |Expreso|Conteo_1:BLOQUE_P_Conteo_E1|FF2                                   ; q                ;
; |Expreso|Conteo_1:BLOQUE_P_Conteo_E1|FF1                                   ; |Expreso|Conteo_1:BLOQUE_P_Conteo_E1|FF1                                   ; q                ;
; |Expreso|Control:BLOQUE_P_Control|D~14                                     ; |Expreso|Control:BLOQUE_P_Control|D~14                                     ; combout          ;
; |Expreso|Control:BLOQUE_P_Control|D[10]~15                                 ; |Expreso|Control:BLOQUE_P_Control|D[10]~15                                 ; combout          ;
; |Expreso|Control:BLOQUE_P_Control|D[13]~20                                 ; |Expreso|Control:BLOQUE_P_Control|D[13]~20                                 ; combout          ;
; |Expreso|Control:BLOQUE_P_Control|D[13]~23                                 ; |Expreso|Control:BLOQUE_P_Control|D[13]~23                                 ; combout          ;
; |Expreso|Control:BLOQUE_P_Control|D[14]~24                                 ; |Expreso|Control:BLOQUE_P_Control|D[14]~24                                 ; combout          ;
; |Expreso|Contador_Agua:BLOQUE_P_Contador_Agua|D~1                          ; |Expreso|Contador_Agua:BLOQUE_P_Contador_Agua|D~1                          ; combout          ;
; |Expreso|Contador_Agua:BLOQUE_P_Contador_Agua|D~2                          ; |Expreso|Contador_Agua:BLOQUE_P_Contador_Agua|D~2                          ; combout          ;
; |Expreso|Contador_Agua:BLOQUE_P_Contador_Agua|D[11]                        ; |Expreso|Contador_Agua:BLOQUE_P_Contador_Agua|D[11]                        ; combout          ;
; |Expreso|Contador_Cafe:BLOQUE_P_Contador_Cafe|D[3]                         ; |Expreso|Contador_Cafe:BLOQUE_P_Contador_Cafe|D[3]                         ; combout          ;
; |Expreso|Contador_Agua:BLOQUE_P_Contador_Agua|D[4]                         ; |Expreso|Contador_Agua:BLOQUE_P_Contador_Agua|D[4]                         ; combout          ;
; |Expreso|Contador_Cafe:BLOQUE_P_Contador_Cafe|D[1]                         ; |Expreso|Contador_Cafe:BLOQUE_P_Contador_Cafe|D[1]                         ; combout          ;
; |Expreso|Contador_Cafe:BLOQUE_P_Contador_Cafe|D[2]                         ; |Expreso|Contador_Cafe:BLOQUE_P_Contador_Cafe|D[2]                         ; combout          ;
; |Expreso|Contador_Agua:BLOQUE_P_Contador_Agua|D~3                          ; |Expreso|Contador_Agua:BLOQUE_P_Contador_Agua|D~3                          ; combout          ;
; |Expreso|Contador_Agua:BLOQUE_P_Contador_Agua|D[10]                        ; |Expreso|Contador_Agua:BLOQUE_P_Contador_Agua|D[10]                        ; combout          ;
; |Expreso|Contador_Agua:BLOQUE_P_Contador_Agua|D[6]                         ; |Expreso|Contador_Agua:BLOQUE_P_Contador_Agua|D[6]                         ; combout          ;
; |Expreso|Contador_Agua:BLOQUE_P_Contador_Agua|D[7]                         ; |Expreso|Contador_Agua:BLOQUE_P_Contador_Agua|D[7]                         ; combout          ;
; |Expreso|Contador_Agua:BLOQUE_P_Contador_Agua|D[8]                         ; |Expreso|Contador_Agua:BLOQUE_P_Contador_Agua|D[8]                         ; combout          ;
; |Expreso|Contador_Agua:BLOQUE_P_Contador_Agua|D[9]                         ; |Expreso|Contador_Agua:BLOQUE_P_Contador_Agua|D[9]                         ; combout          ;
; |Expreso|Contador_Agua:BLOQUE_P_Contador_Agua|D[5]                         ; |Expreso|Contador_Agua:BLOQUE_P_Contador_Agua|D[5]                         ; combout          ;
; |Expreso|Conteo_1:BLOQUE_P_Conteo_1|D[2]                                   ; |Expreso|Conteo_1:BLOQUE_P_Conteo_1|D[2]                                   ; combout          ;
; |Expreso|Conteo_1:BLOQUE_P_Conteo_1|D[3]                                   ; |Expreso|Conteo_1:BLOQUE_P_Conteo_1|D[3]                                   ; combout          ;
; |Expreso|Conteo_1:BLOQUE_P_Conteo_1|D[1]                                   ; |Expreso|Conteo_1:BLOQUE_P_Conteo_1|D[1]                                   ; combout          ;
; |Expreso|Control:BLOQUE_P_Control|D[8]~25                                  ; |Expreso|Control:BLOQUE_P_Control|D[8]~25                                  ; combout          ;
; |Expreso|Contador_Cafe:BLOQUE_P_Contador_Cafe|FF1~0                        ; |Expreso|Contador_Cafe:BLOQUE_P_Contador_Cafe|FF1~0                        ; combout          ;
; |Expreso|Conteo_1:BLOQUE_P_Conteo_E1|FF1~0                                 ; |Expreso|Conteo_1:BLOQUE_P_Conteo_E1|FF1~0                                 ; combout          ;
; |Expreso|relojito~output                                                   ; |Expreso|relojito~output                                                   ; o                ;
; |Expreso|relojito                                                          ; |Expreso|relojito                                                          ; padout           ;
; |Expreso|look_state[0]~output                                              ; |Expreso|look_state[0]~output                                              ; o                ;
; |Expreso|look_state[0]                                                     ; |Expreso|look_state[0]                                                     ; padout           ;
; |Expreso|look_state[1]~output                                              ; |Expreso|look_state[1]~output                                              ; o                ;
; |Expreso|look_state[1]                                                     ; |Expreso|look_state[1]                                                     ; padout           ;
; |Expreso|look_state[2]~output                                              ; |Expreso|look_state[2]~output                                              ; o                ;
; |Expreso|look_state[2]                                                     ; |Expreso|look_state[2]                                                     ; padout           ;
; |Expreso|look_state[3]~output                                              ; |Expreso|look_state[3]~output                                              ; o                ;
; |Expreso|look_state[3]                                                     ; |Expreso|look_state[3]                                                     ; padout           ;
; |Expreso|look_state[4]~output                                              ; |Expreso|look_state[4]~output                                              ; o                ;
; |Expreso|look_state[4]                                                     ; |Expreso|look_state[4]                                                     ; padout           ;
; |Expreso|look_state[5]~output                                              ; |Expreso|look_state[5]~output                                              ; o                ;
; |Expreso|look_state[5]                                                     ; |Expreso|look_state[5]                                                     ; padout           ;
; |Expreso|look_state[8]~output                                              ; |Expreso|look_state[8]~output                                              ; o                ;
; |Expreso|look_state[8]                                                     ; |Expreso|look_state[8]                                                     ; padout           ;
; |Expreso|look_state[10]~output                                             ; |Expreso|look_state[10]~output                                             ; o                ;
; |Expreso|look_state[10]                                                    ; |Expreso|look_state[10]                                                    ; padout           ;
; |Expreso|look_state[13]~output                                             ; |Expreso|look_state[13]~output                                             ; o                ;
; |Expreso|look_state[13]                                                    ; |Expreso|look_state[13]                                                    ; padout           ;
; |Expreso|look_state[14]~output                                             ; |Expreso|look_state[14]~output                                             ; o                ;
; |Expreso|look_state[14]                                                    ; |Expreso|look_state[14]                                                    ; padout           ;
; |Expreso|ver_acabadot~output                                               ; |Expreso|ver_acabadot~output                                               ; o                ;
; |Expreso|ver_acabadot                                                      ; |Expreso|ver_acabadot                                                      ; padout           ;
; |Expreso|Valvula_Agua~output                                               ; |Expreso|Valvula_Agua~output                                               ; o                ;
; |Expreso|Valvula_Agua                                                      ; |Expreso|Valvula_Agua                                                      ; padout           ;
; |Expreso|Valvula_Cafe~output                                               ; |Expreso|Valvula_Cafe~output                                               ; o                ;
; |Expreso|Valvula_Cafe                                                      ; |Expreso|Valvula_Cafe                                                      ; padout           ;
; |Expreso|Led_Expreso_Listo~output                                          ; |Expreso|Led_Expreso_Listo~output                                          ; o                ;
; |Expreso|Led_Expreso_Listo                                                 ; |Expreso|Led_Expreso_Listo                                                 ; padout           ;
; |Expreso|Reloj~input                                                       ; |Expreso|Reloj~input                                                       ; o                ;
; |Expreso|Reloj                                                             ; |Expreso|Reloj                                                             ; padout           ;
; |Expreso|Confirmar~input                                                   ; |Expreso|Confirmar~input                                                   ; o                ;
; |Expreso|Confirmar                                                         ; |Expreso|Confirmar                                                         ; padout           ;
; |Expreso|Reset~input                                                       ; |Expreso|Reset~input                                                       ; o                ;
; |Expreso|Reset                                                             ; |Expreso|Reset                                                             ; padout           ;
; |Expreso|Boton_Vaso~input                                                  ; |Expreso|Boton_Vaso~input                                                  ; o                ;
; |Expreso|Boton_Vaso                                                        ; |Expreso|Boton_Vaso                                                        ; padout           ;
; |Expreso|Reloj~inputclkctrl                                                ; |Expreso|Reloj~inputclkctrl                                                ; outclk           ;
; |Expreso|Control:BLOQUE_P_Control|FF6~feeder                               ; |Expreso|Control:BLOQUE_P_Control|FF6~feeder                               ; combout          ;
+----------------------------------------------------------------------------+----------------------------------------------------------------------------+------------------+


The following table displays output ports that do not toggle to 1 during simulation.
+------------------------------------------------------------------------------------------------------------------------------------+
; Missing 1-Value Coverage                                                                                                           ;
+--------------------------------------------------------+--------------------------------------------------------+------------------+
; Node Name                                              ; Output Port Name                                       ; Output Port Type ;
+--------------------------------------------------------+--------------------------------------------------------+------------------+
; |Expreso|Deco_7_Seg:BLOQUE_P_Deco_7_Seg|Expreso_Tipo~0 ; |Expreso|Deco_7_Seg:BLOQUE_P_Deco_7_Seg|Expreso_Tipo~0 ; combout          ;
; |Expreso|Control:BLOQUE_P_Control|D~2                  ; |Expreso|Control:BLOQUE_P_Control|D~2                  ; combout          ;
; |Expreso|Deco_7_Seg:BLOQUE_P_Deco_7_Seg|Expreso_Tipo~1 ; |Expreso|Deco_7_Seg:BLOQUE_P_Deco_7_Seg|Expreso_Tipo~1 ; combout          ;
; |Expreso|Deco_7_Seg:BLOQUE_P_Deco_7_Seg|Expreso_Tipo~2 ; |Expreso|Deco_7_Seg:BLOQUE_P_Deco_7_Seg|Expreso_Tipo~2 ; combout          ;
; |Expreso|Control:BLOQUE_P_Control|FF7                  ; |Expreso|Control:BLOQUE_P_Control|FF7                  ; q                ;
; |Expreso|Control:BLOQUE_P_Control|FF8                  ; |Expreso|Control:BLOQUE_P_Control|FF8                  ; q                ;
; |Expreso|Control:BLOQUE_P_Control|FF10                 ; |Expreso|Control:BLOQUE_P_Control|FF10                 ; q                ;
; |Expreso|Control:BLOQUE_P_Control|FF12                 ; |Expreso|Control:BLOQUE_P_Control|FF12                 ; q                ;
; |Expreso|Control:BLOQUE_P_Control|FF13                 ; |Expreso|Control:BLOQUE_P_Control|FF13                 ; q                ;
; |Expreso|Conteo_1:BLOQUE_P_Conteo_E3|FF3               ; |Expreso|Conteo_1:BLOQUE_P_Conteo_E3|FF3               ; q                ;
; |Expreso|Conteo_1:BLOQUE_P_Conteo_E3|FF1               ; |Expreso|Conteo_1:BLOQUE_P_Conteo_E3|FF1               ; q                ;
; |Expreso|Conteo_1:BLOQUE_P_Conteo_E3|FF2               ; |Expreso|Conteo_1:BLOQUE_P_Conteo_E3|FF2               ; q                ;
; |Expreso|Conteo_1:BLOQUE_P_Conteo_E3|FF4               ; |Expreso|Conteo_1:BLOQUE_P_Conteo_E3|FF4               ; q                ;
; |Expreso|Conteo_4:BLOQUE_P_Conteo_4|Conteo_4_Control   ; |Expreso|Conteo_4:BLOQUE_P_Conteo_4|Conteo_4_Control   ; combout          ;
; |Expreso|Control:BLOQUE_P_Control|D[6]~6               ; |Expreso|Control:BLOQUE_P_Control|D[6]~6               ; combout          ;
; |Expreso|Control:BLOQUE_P_Control|D[6]~7               ; |Expreso|Control:BLOQUE_P_Control|D[6]~7               ; combout          ;
; |Expreso|Control:BLOQUE_P_Control|D[6]~8               ; |Expreso|Control:BLOQUE_P_Control|D[6]~8               ; combout          ;
; |Expreso|Control:BLOQUE_P_Control|D[7]~9               ; |Expreso|Control:BLOQUE_P_Control|D[7]~9               ; combout          ;
; |Expreso|Control:BLOQUE_P_Control|D~10                 ; |Expreso|Control:BLOQUE_P_Control|D~10                 ; combout          ;
; |Expreso|Control:BLOQUE_P_Control|D[9]~11              ; |Expreso|Control:BLOQUE_P_Control|D[9]~11              ; combout          ;
; |Expreso|Control:BLOQUE_P_Control|D[9]~12              ; |Expreso|Control:BLOQUE_P_Control|D[9]~12              ; combout          ;
; |Expreso|Conteo_1:BLOQUE_P_Conteo_E4|FF2               ; |Expreso|Conteo_1:BLOQUE_P_Conteo_E4|FF2               ; q                ;
; |Expreso|Conteo_1:BLOQUE_P_Conteo_E4|FF3               ; |Expreso|Conteo_1:BLOQUE_P_Conteo_E4|FF3               ; q                ;
; |Expreso|Conteo_1:BLOQUE_P_Conteo_E4|FF1               ; |Expreso|Conteo_1:BLOQUE_P_Conteo_E4|FF1               ; q                ;
; |Expreso|Control:BLOQUE_P_Control|D~16                 ; |Expreso|Control:BLOQUE_P_Control|D~16                 ; combout          ;
; |Expreso|Control:BLOQUE_P_Control|D[11]~17             ; |Expreso|Control:BLOQUE_P_Control|D[11]~17             ; combout          ;
; |Expreso|Conteo_1:BLOQUE_P_Conteo_E2|FF2               ; |Expreso|Conteo_1:BLOQUE_P_Conteo_E2|FF2               ; q                ;
; |Expreso|Conteo_1:BLOQUE_P_Conteo_E2|FF3               ; |Expreso|Conteo_1:BLOQUE_P_Conteo_E2|FF3               ; q                ;
; |Expreso|Conteo_1:BLOQUE_P_Conteo_E2|FF1               ; |Expreso|Conteo_1:BLOQUE_P_Conteo_E2|FF1               ; q                ;
; |Expreso|Control:BLOQUE_P_Control|D~18                 ; |Expreso|Control:BLOQUE_P_Control|D~18                 ; combout          ;
; |Expreso|Control:BLOQUE_P_Control|D[12]~19             ; |Expreso|Control:BLOQUE_P_Control|D[12]~19             ; combout          ;
; |Expreso|Conteo_1:BLOQUE_P_Conteo_E4|FF4               ; |Expreso|Conteo_1:BLOQUE_P_Conteo_E4|FF4               ; q                ;
; |Expreso|Control:BLOQUE_P_Control|D~21                 ; |Expreso|Control:BLOQUE_P_Control|D~21                 ; combout          ;
; |Expreso|Conteo_1:BLOQUE_P_Conteo_E2|FF4               ; |Expreso|Conteo_1:BLOQUE_P_Conteo_E2|FF4               ; q                ;
; |Expreso|Control:BLOQUE_P_Control|D[13]~22             ; |Expreso|Control:BLOQUE_P_Control|D[13]~22             ; combout          ;
; |Expreso|Conteo_1:BLOQUE_P_Conteo_E3|D[2]              ; |Expreso|Conteo_1:BLOQUE_P_Conteo_E3|D[2]              ; combout          ;
; |Expreso|Conteo_4:BLOQUE_P_Conteo_4|D[1]               ; |Expreso|Conteo_4:BLOQUE_P_Conteo_4|D[1]               ; combout          ;
; |Expreso|Conteo_1:BLOQUE_P_Conteo_E3|D[3]              ; |Expreso|Conteo_1:BLOQUE_P_Conteo_E3|D[3]              ; combout          ;
; |Expreso|Conteo_2:BLOQUE_P_Conteo_2|D[1]               ; |Expreso|Conteo_2:BLOQUE_P_Conteo_2|D[1]               ; combout          ;
; |Expreso|Conteo_1:BLOQUE_P_Conteo_E4|D[2]              ; |Expreso|Conteo_1:BLOQUE_P_Conteo_E4|D[2]              ; combout          ;
; |Expreso|Conteo_1:BLOQUE_P_Conteo_E2|D[1]              ; |Expreso|Conteo_1:BLOQUE_P_Conteo_E2|D[1]              ; combout          ;
; |Expreso|Conteo_1:BLOQUE_P_Conteo_E2|D[2]              ; |Expreso|Conteo_1:BLOQUE_P_Conteo_E2|D[2]              ; combout          ;
; |Expreso|Conteo_1:BLOQUE_P_Conteo_E4|D[3]              ; |Expreso|Conteo_1:BLOQUE_P_Conteo_E4|D[3]              ; combout          ;
; |Expreso|Conteo_1:BLOQUE_P_Conteo_E2|D[3]              ; |Expreso|Conteo_1:BLOQUE_P_Conteo_E2|D[3]              ; combout          ;
; |Expreso|Conteo_1:BLOQUE_P_Conteo_E3|FF1~0             ; |Expreso|Conteo_1:BLOQUE_P_Conteo_E3|FF1~0             ; combout          ;
; |Expreso|Conteo_1:BLOQUE_P_Conteo_E4|FF1~0             ; |Expreso|Conteo_1:BLOQUE_P_Conteo_E4|FF1~0             ; combout          ;
; |Expreso|Conteo_1:BLOQUE_P_Conteo_E2|FF1~0             ; |Expreso|Conteo_1:BLOQUE_P_Conteo_E2|FF1~0             ; combout          ;
; |Expreso|Expreso_Tipo[0]~output                        ; |Expreso|Expreso_Tipo[0]~output                        ; o                ;
; |Expreso|Expreso_Tipo[0]                               ; |Expreso|Expreso_Tipo[0]                               ; padout           ;
; |Expreso|Expreso_Tipo[1]~output                        ; |Expreso|Expreso_Tipo[1]~output                        ; o                ;
; |Expreso|Expreso_Tipo[1]                               ; |Expreso|Expreso_Tipo[1]                               ; padout           ;
; |Expreso|Expreso_Tipo[2]~output                        ; |Expreso|Expreso_Tipo[2]~output                        ; o                ;
; |Expreso|Expreso_Tipo[2]                               ; |Expreso|Expreso_Tipo[2]                               ; padout           ;
; |Expreso|Expreso_Tipo[3]~output                        ; |Expreso|Expreso_Tipo[3]~output                        ; o                ;
; |Expreso|Expreso_Tipo[3]                               ; |Expreso|Expreso_Tipo[3]                               ; padout           ;
; |Expreso|Expreso_Tipo[4]~output                        ; |Expreso|Expreso_Tipo[4]~output                        ; o                ;
; |Expreso|Expreso_Tipo[4]                               ; |Expreso|Expreso_Tipo[4]                               ; padout           ;
; |Expreso|Expreso_Tipo[5]~output                        ; |Expreso|Expreso_Tipo[5]~output                        ; o                ;
; |Expreso|Expreso_Tipo[5]                               ; |Expreso|Expreso_Tipo[5]                               ; padout           ;
; |Expreso|Expreso_Tipo[6]~output                        ; |Expreso|Expreso_Tipo[6]~output                        ; o                ;
; |Expreso|Expreso_Tipo[6]                               ; |Expreso|Expreso_Tipo[6]                               ; padout           ;
; |Expreso|look_state[6]~output                          ; |Expreso|look_state[6]~output                          ; o                ;
; |Expreso|look_state[6]                                 ; |Expreso|look_state[6]                                 ; padout           ;
; |Expreso|look_state[7]~output                          ; |Expreso|look_state[7]~output                          ; o                ;
; |Expreso|look_state[7]                                 ; |Expreso|look_state[7]                                 ; padout           ;
; |Expreso|look_state[9]~output                          ; |Expreso|look_state[9]~output                          ; o                ;
; |Expreso|look_state[9]                                 ; |Expreso|look_state[9]                                 ; padout           ;
; |Expreso|look_state[11]~output                         ; |Expreso|look_state[11]~output                         ; o                ;
; |Expreso|look_state[11]                                ; |Expreso|look_state[11]                                ; padout           ;
; |Expreso|look_state[12]~output                         ; |Expreso|look_state[12]~output                         ; o                ;
; |Expreso|look_state[12]                                ; |Expreso|look_state[12]                                ; padout           ;
; |Expreso|ver_conteo~output                             ; |Expreso|ver_conteo~output                             ; o                ;
; |Expreso|ver_conteo                                    ; |Expreso|ver_conteo                                    ; padout           ;
; |Expreso|Led_Llenar_Almacenamiento~output              ; |Expreso|Led_Llenar_Almacenamiento~output              ; o                ;
; |Expreso|Led_Llenar_Almacenamiento                     ; |Expreso|Led_Llenar_Almacenamiento                     ; padout           ;
; |Expreso|Usuario[1]~input                              ; |Expreso|Usuario[1]~input                              ; o                ;
; |Expreso|Usuario[1]                                    ; |Expreso|Usuario[1]                                    ; padout           ;
; |Expreso|Usuario[0]~input                              ; |Expreso|Usuario[0]~input                              ; o                ;
; |Expreso|Usuario[0]                                    ; |Expreso|Usuario[0]                                    ; padout           ;
; |Expreso|Llenado_Cafe~input                            ; |Expreso|Llenado_Cafe~input                            ; o                ;
; |Expreso|Llenado_Cafe                                  ; |Expreso|Llenado_Cafe                                  ; padout           ;
; |Expreso|LLenado_Agua~input                            ; |Expreso|LLenado_Agua~input                            ; o                ;
; |Expreso|LLenado_Agua                                  ; |Expreso|LLenado_Agua                                  ; padout           ;
+--------------------------------------------------------+--------------------------------------------------------+------------------+


The following table displays output ports that do not toggle to 0 during simulation.
+------------------------------------------------------------------------------------------------------------------------------------+
; Missing 0-Value Coverage                                                                                                           ;
+--------------------------------------------------------+--------------------------------------------------------+------------------+
; Node Name                                              ; Output Port Name                                       ; Output Port Type ;
+--------------------------------------------------------+--------------------------------------------------------+------------------+
; |Expreso|Deco_7_Seg:BLOQUE_P_Deco_7_Seg|Expreso_Tipo~0 ; |Expreso|Deco_7_Seg:BLOQUE_P_Deco_7_Seg|Expreso_Tipo~0 ; combout          ;
; |Expreso|Control:BLOQUE_P_Control|D~2                  ; |Expreso|Control:BLOQUE_P_Control|D~2                  ; combout          ;
; |Expreso|Deco_7_Seg:BLOQUE_P_Deco_7_Seg|Expreso_Tipo~1 ; |Expreso|Deco_7_Seg:BLOQUE_P_Deco_7_Seg|Expreso_Tipo~1 ; combout          ;
; |Expreso|Deco_7_Seg:BLOQUE_P_Deco_7_Seg|Expreso_Tipo~2 ; |Expreso|Deco_7_Seg:BLOQUE_P_Deco_7_Seg|Expreso_Tipo~2 ; combout          ;
; |Expreso|Control:BLOQUE_P_Control|FF7                  ; |Expreso|Control:BLOQUE_P_Control|FF7                  ; q                ;
; |Expreso|Control:BLOQUE_P_Control|FF8                  ; |Expreso|Control:BLOQUE_P_Control|FF8                  ; q                ;
; |Expreso|Control:BLOQUE_P_Control|FF10                 ; |Expreso|Control:BLOQUE_P_Control|FF10                 ; q                ;
; |Expreso|Control:BLOQUE_P_Control|FF12                 ; |Expreso|Control:BLOQUE_P_Control|FF12                 ; q                ;
; |Expreso|Control:BLOQUE_P_Control|FF13                 ; |Expreso|Control:BLOQUE_P_Control|FF13                 ; q                ;
; |Expreso|Conteo_1:BLOQUE_P_Conteo_E3|FF3               ; |Expreso|Conteo_1:BLOQUE_P_Conteo_E3|FF3               ; q                ;
; |Expreso|Conteo_1:BLOQUE_P_Conteo_E3|FF1               ; |Expreso|Conteo_1:BLOQUE_P_Conteo_E3|FF1               ; q                ;
; |Expreso|Conteo_1:BLOQUE_P_Conteo_E3|FF2               ; |Expreso|Conteo_1:BLOQUE_P_Conteo_E3|FF2               ; q                ;
; |Expreso|Conteo_1:BLOQUE_P_Conteo_E3|FF4               ; |Expreso|Conteo_1:BLOQUE_P_Conteo_E3|FF4               ; q                ;
; |Expreso|Conteo_4:BLOQUE_P_Conteo_4|Conteo_4_Control   ; |Expreso|Conteo_4:BLOQUE_P_Conteo_4|Conteo_4_Control   ; combout          ;
; |Expreso|Control:BLOQUE_P_Control|D[6]~6               ; |Expreso|Control:BLOQUE_P_Control|D[6]~6               ; combout          ;
; |Expreso|Control:BLOQUE_P_Control|D[6]~7               ; |Expreso|Control:BLOQUE_P_Control|D[6]~7               ; combout          ;
; |Expreso|Control:BLOQUE_P_Control|D[6]~8               ; |Expreso|Control:BLOQUE_P_Control|D[6]~8               ; combout          ;
; |Expreso|Control:BLOQUE_P_Control|D[7]~9               ; |Expreso|Control:BLOQUE_P_Control|D[7]~9               ; combout          ;
; |Expreso|Control:BLOQUE_P_Control|D~10                 ; |Expreso|Control:BLOQUE_P_Control|D~10                 ; combout          ;
; |Expreso|Control:BLOQUE_P_Control|D[9]~11              ; |Expreso|Control:BLOQUE_P_Control|D[9]~11              ; combout          ;
; |Expreso|Control:BLOQUE_P_Control|D[9]~12              ; |Expreso|Control:BLOQUE_P_Control|D[9]~12              ; combout          ;
; |Expreso|Conteo_1:BLOQUE_P_Conteo_1|FF4                ; |Expreso|Conteo_1:BLOQUE_P_Conteo_1|FF4                ; q                ;
; |Expreso|Conteo_1:BLOQUE_P_Conteo_E4|FF2               ; |Expreso|Conteo_1:BLOQUE_P_Conteo_E4|FF2               ; q                ;
; |Expreso|Conteo_1:BLOQUE_P_Conteo_E4|FF3               ; |Expreso|Conteo_1:BLOQUE_P_Conteo_E4|FF3               ; q                ;
; |Expreso|Conteo_1:BLOQUE_P_Conteo_E4|FF1               ; |Expreso|Conteo_1:BLOQUE_P_Conteo_E4|FF1               ; q                ;
; |Expreso|Control:BLOQUE_P_Control|D~16                 ; |Expreso|Control:BLOQUE_P_Control|D~16                 ; combout          ;
; |Expreso|Control:BLOQUE_P_Control|D[11]~17             ; |Expreso|Control:BLOQUE_P_Control|D[11]~17             ; combout          ;
; |Expreso|Conteo_1:BLOQUE_P_Conteo_E2|FF2               ; |Expreso|Conteo_1:BLOQUE_P_Conteo_E2|FF2               ; q                ;
; |Expreso|Conteo_1:BLOQUE_P_Conteo_E2|FF3               ; |Expreso|Conteo_1:BLOQUE_P_Conteo_E2|FF3               ; q                ;
; |Expreso|Conteo_1:BLOQUE_P_Conteo_E2|FF1               ; |Expreso|Conteo_1:BLOQUE_P_Conteo_E2|FF1               ; q                ;
; |Expreso|Control:BLOQUE_P_Control|D~18                 ; |Expreso|Control:BLOQUE_P_Control|D~18                 ; combout          ;
; |Expreso|Control:BLOQUE_P_Control|D[12]~19             ; |Expreso|Control:BLOQUE_P_Control|D[12]~19             ; combout          ;
; |Expreso|Conteo_1:BLOQUE_P_Conteo_E4|FF4               ; |Expreso|Conteo_1:BLOQUE_P_Conteo_E4|FF4               ; q                ;
; |Expreso|Control:BLOQUE_P_Control|D~21                 ; |Expreso|Control:BLOQUE_P_Control|D~21                 ; combout          ;
; |Expreso|Conteo_1:BLOQUE_P_Conteo_E2|FF4               ; |Expreso|Conteo_1:BLOQUE_P_Conteo_E2|FF4               ; q                ;
; |Expreso|Control:BLOQUE_P_Control|D[13]~22             ; |Expreso|Control:BLOQUE_P_Control|D[13]~22             ; combout          ;
; |Expreso|Conteo_1:BLOQUE_P_Conteo_E3|D[2]              ; |Expreso|Conteo_1:BLOQUE_P_Conteo_E3|D[2]              ; combout          ;
; |Expreso|Conteo_4:BLOQUE_P_Conteo_4|D[1]               ; |Expreso|Conteo_4:BLOQUE_P_Conteo_4|D[1]               ; combout          ;
; |Expreso|Conteo_1:BLOQUE_P_Conteo_E3|D[3]              ; |Expreso|Conteo_1:BLOQUE_P_Conteo_E3|D[3]              ; combout          ;
; |Expreso|Conteo_2:BLOQUE_P_Conteo_2|D[1]               ; |Expreso|Conteo_2:BLOQUE_P_Conteo_2|D[1]               ; combout          ;
; |Expreso|Conteo_1:BLOQUE_P_Conteo_E4|D[2]              ; |Expreso|Conteo_1:BLOQUE_P_Conteo_E4|D[2]              ; combout          ;
; |Expreso|Conteo_1:BLOQUE_P_Conteo_E2|D[1]              ; |Expreso|Conteo_1:BLOQUE_P_Conteo_E2|D[1]              ; combout          ;
; |Expreso|Conteo_1:BLOQUE_P_Conteo_E2|D[2]              ; |Expreso|Conteo_1:BLOQUE_P_Conteo_E2|D[2]              ; combout          ;
; |Expreso|Conteo_1:BLOQUE_P_Conteo_E4|D[3]              ; |Expreso|Conteo_1:BLOQUE_P_Conteo_E4|D[3]              ; combout          ;
; |Expreso|Conteo_1:BLOQUE_P_Conteo_E2|D[3]              ; |Expreso|Conteo_1:BLOQUE_P_Conteo_E2|D[3]              ; combout          ;
; |Expreso|Conteo_1:BLOQUE_P_Conteo_E3|FF1~0             ; |Expreso|Conteo_1:BLOQUE_P_Conteo_E3|FF1~0             ; combout          ;
; |Expreso|Conteo_1:BLOQUE_P_Conteo_E4|FF1~0             ; |Expreso|Conteo_1:BLOQUE_P_Conteo_E4|FF1~0             ; combout          ;
; |Expreso|Conteo_1:BLOQUE_P_Conteo_E2|FF1~0             ; |Expreso|Conteo_1:BLOQUE_P_Conteo_E2|FF1~0             ; combout          ;
; |Expreso|Expreso_Tipo[0]~output                        ; |Expreso|Expreso_Tipo[0]~output                        ; o                ;
; |Expreso|Expreso_Tipo[0]                               ; |Expreso|Expreso_Tipo[0]                               ; padout           ;
; |Expreso|Expreso_Tipo[1]~output                        ; |Expreso|Expreso_Tipo[1]~output                        ; o                ;
; |Expreso|Expreso_Tipo[1]                               ; |Expreso|Expreso_Tipo[1]                               ; padout           ;
; |Expreso|Expreso_Tipo[2]~output                        ; |Expreso|Expreso_Tipo[2]~output                        ; o                ;
; |Expreso|Expreso_Tipo[2]                               ; |Expreso|Expreso_Tipo[2]                               ; padout           ;
; |Expreso|Expreso_Tipo[3]~output                        ; |Expreso|Expreso_Tipo[3]~output                        ; o                ;
; |Expreso|Expreso_Tipo[3]                               ; |Expreso|Expreso_Tipo[3]                               ; padout           ;
; |Expreso|Expreso_Tipo[4]~output                        ; |Expreso|Expreso_Tipo[4]~output                        ; o                ;
; |Expreso|Expreso_Tipo[4]                               ; |Expreso|Expreso_Tipo[4]                               ; padout           ;
; |Expreso|Expreso_Tipo[5]~output                        ; |Expreso|Expreso_Tipo[5]~output                        ; o                ;
; |Expreso|Expreso_Tipo[5]                               ; |Expreso|Expreso_Tipo[5]                               ; padout           ;
; |Expreso|Expreso_Tipo[6]~output                        ; |Expreso|Expreso_Tipo[6]~output                        ; o                ;
; |Expreso|Expreso_Tipo[6]                               ; |Expreso|Expreso_Tipo[6]                               ; padout           ;
; |Expreso|look_state[6]~output                          ; |Expreso|look_state[6]~output                          ; o                ;
; |Expreso|look_state[6]                                 ; |Expreso|look_state[6]                                 ; padout           ;
; |Expreso|look_state[7]~output                          ; |Expreso|look_state[7]~output                          ; o                ;
; |Expreso|look_state[7]                                 ; |Expreso|look_state[7]                                 ; padout           ;
; |Expreso|look_state[9]~output                          ; |Expreso|look_state[9]~output                          ; o                ;
; |Expreso|look_state[9]                                 ; |Expreso|look_state[9]                                 ; padout           ;
; |Expreso|look_state[11]~output                         ; |Expreso|look_state[11]~output                         ; o                ;
; |Expreso|look_state[11]                                ; |Expreso|look_state[11]                                ; padout           ;
; |Expreso|look_state[12]~output                         ; |Expreso|look_state[12]~output                         ; o                ;
; |Expreso|look_state[12]                                ; |Expreso|look_state[12]                                ; padout           ;
; |Expreso|ver_conteo~output                             ; |Expreso|ver_conteo~output                             ; o                ;
; |Expreso|ver_conteo                                    ; |Expreso|ver_conteo                                    ; padout           ;
; |Expreso|Led_Llenar_Almacenamiento~output              ; |Expreso|Led_Llenar_Almacenamiento~output              ; o                ;
; |Expreso|Led_Llenar_Almacenamiento                     ; |Expreso|Led_Llenar_Almacenamiento                     ; padout           ;
; |Expreso|Usuario[1]~input                              ; |Expreso|Usuario[1]~input                              ; o                ;
; |Expreso|Usuario[1]                                    ; |Expreso|Usuario[1]                                    ; padout           ;
; |Expreso|Usuario[0]~input                              ; |Expreso|Usuario[0]~input                              ; o                ;
; |Expreso|Usuario[0]                                    ; |Expreso|Usuario[0]                                    ; padout           ;
; |Expreso|Llenado_Cafe~input                            ; |Expreso|Llenado_Cafe~input                            ; o                ;
; |Expreso|Llenado_Cafe                                  ; |Expreso|Llenado_Cafe                                  ; padout           ;
; |Expreso|LLenado_Agua~input                            ; |Expreso|LLenado_Agua~input                            ; o                ;
; |Expreso|LLenado_Agua                                  ; |Expreso|LLenado_Agua                                  ; padout           ;
+--------------------------------------------------------+--------------------------------------------------------+------------------+


+---------------------+
; Simulator INI Usage ;
+--------+------------+
; Option ; Usage      ;
+--------+------------+


+--------------------+
; Simulator Messages ;
+--------------------+
Info: *******************************************************************
Info: Running Quartus II 64-Bit Simulator
    Info: Version 13.0.1 Build 232 06/12/2013 Service Pack 1 SJ Full Version
    Info: Processing started: Mon Apr 01 16:36:43 2019
Info: Command: quartus_sim --simulation_results_format=VWF Expreso -c Expreso
Info (324025): Using vector source file "C:/Users/estudiante/Desktop/Expreso/Waveform38.vwf"
Info (328054): Inverted registers were found during simulation
    Info (328055): Register: |Expreso|Control:BLOQUE_P_Control|FF1
Info (310003): Option to preserve fewer signal transitions to reduce memory requirements is enabled
    Info (310004): Simulation has been partitioned into sub-simulations according to the maximum transition count determined by the engine. Transitions from memory will be flushed out to disk at the end of each sub-simulation to reduce memory requirements.
Info (310002): Simulation partitioned into 1 sub-simulations
Info (328053): Simulation coverage is      56.70 %
Info (328052): Number of transitions in simulation is 1140
Info (324045): Vector file Expreso.sim.vwf is saved in VWF text format. You can compress it into CVWF format in order to reduce file size. For more details please refer to the Quartus II Help.
Info: Quartus II 64-Bit Simulator was successful. 0 errors, 0 warnings
    Info: Peak virtual memory: 368 megabytes
    Info: Processing ended: Mon Apr 01 16:36:44 2019
    Info: Elapsed time: 00:00:01
    Info: Total CPU time (on all processors): 00:00:01


